<?xml version="1.0" encoding="UTF-8"?>
<!-- Generated by org.testng.reporters.JUnitReportReporter -->
<testsuite hostname="Ideapad" failures="0" tests="1" name="tests.DemoTest" time="0.009" errors="0" timestamp="2023-04-02T23:27:24 IST" skipped="0">
  <testcase classname="tests.DemoTest" name="demo" time="0.009"/>
  <system-out/>
</testsuite> <!-- tests.DemoTest -->
