<?xml version="1.0" encoding="UTF-8"?>
<!-- Generated by org.testng.reporters.JUnitReportReporter -->
<testsuite hostname="Ideapad" failures="0" tests="2" name="tests.DemoTest" time="0.007" errors="0" timestamp="2023-04-02T21:28:49 IST" skipped="0">
  <testcase classname="tests.DemoTest" name="demo2" time="0.002"/>
  <system-out/>
  <testcase classname="tests.DemoTest" name="demo" time="0.005"/>
  <system-out/>
</testsuite> <!-- tests.DemoTest -->
