<?xml version="1.0" encoding="UTF-8"?>
<!-- Generated by org.testng.reporters.JUnitReportReporter -->
<testsuite hostname="Ideapad" failures="0" tests="1" name="tests.DummyTest" time="0.003" errors="0" timestamp="2023-04-02T21:28:49 IST" skipped="0">
  <testcase classname="tests.DummyTest" name="dummy" time="0.003"/>
  <system-out/>
</testsuite> <!-- tests.DummyTest -->
