<?xml version="1.0" encoding="UTF-8"?>
<!-- Generated by org.testng.reporters.JUnitReportReporter -->
<testsuite hostname="Ideapad" failures="0" tests="1" name="asssertdemo.day1" time="0.013" errors="0" timestamp="2023-04-03T20:02:55 IST" skipped="0">
  <testcase classname="asssertdemo.day1" name="asrtDemo" time="0.013"/>
  <system-out/>
</testsuite> <!-- asssertdemo.day1 -->
